Build started 11/18/2014 6:17:48 PM.
     1>Project "C:\Users\James\documents\visual studio 2010\Projects\Asteroids\Asteroids\Asteroids.vcxproj" on node 2 (rebuild target(s)).
     1>_PrepareForClean:
         Deleting file "Release\Asteroids.lastbuildstate".
       InitializeBuildStatus:
         Creating "Release\Asteroids.unsuccessfulbuild" because "AlwaysCreate" was specified.
       ClCompile:
         c:\Program Files\Microsoft Visual Studio 10.0\VC\bin\CL.exe /c /I"C:\Users\James\Desktop\glut-3.7.6\include\GL" /Zi /nologo /W3 /WX- /O2 /Oi /Oy- /GL /D WIN32 /D NDEBUG /D _CONSOLE /D _UNICODE /D UNICODE /Gm- /EHsc /MD /GS /Gy /fp:precise /Zc:wchar_t /Zc:forScope /Fo"Release\\" /Fd"Release\vc100.pdb" /Gd /TP /analyze- /errorReport:prompt AlienSpaceShip.cpp Asteroid.cpp Asteroids.cpp Collisions.cpp Explosion.cpp Intro.cpp Level.cpp Life.cpp Movement.cpp Particle.cpp PlayerSpaceShip.cpp Score.cpp Shot.cpp ShotExplosion.cpp ShotParticle.cpp Stars.cpp
         AlienSpaceShip.cpp
         Asteroid.cpp
         Asteroids.cpp
         Collisions.cpp
         Explosion.cpp
         Intro.cpp
         Level.cpp
         Life.cpp
         Movement.cpp
         Particle.cpp
         PlayerSpaceShip.cpp
         Score.cpp
         Shot.cpp
         ShotExplosion.cpp
         ShotParticle.cpp
         Stars.cpp
       Link:
         c:\Program Files\Microsoft Visual Studio 10.0\VC\bin\link.exe /ERRORREPORT:PROMPT /OUT:"C:\Users\James\documents\visual studio 2010\Projects\Asteroids\Release\Asteroids.exe" /INCREMENTAL:NO /NOLOGO /LIBPATH:"C:\Users\James\Desktop\glut-3.7.6\lib\glut\Debug" kernel32.lib user32.lib gdi32.lib winspool.lib comdlg32.lib advapi32.lib shell32.lib ole32.lib oleaut32.lib uuid.lib odbc32.lib odbccp32.lib /MANIFEST /ManifestFile:"Release\Asteroids.exe.intermediate.manifest" /MANIFESTUAC:"level='asInvoker' uiAccess='false'" /DEBUG /PDB:"C:\Users\James\documents\visual studio 2010\Projects\Asteroids\Release\Asteroids.pdb" /SUBSYSTEM:CONSOLE /OPT:REF /OPT:ICF /LTCG /TLBID:1 /DYNAMICBASE /NXCOMPAT /IMPLIB:"C:\Users\James\documents\visual studio 2010\Projects\Asteroids\Release\Asteroids.lib" /MACHINE:X86 Release\AlienSpaceShip.obj
         Release\Asteroid.obj
         Release\Asteroids.obj
         Release\Collisions.obj
         Release\Explosion.obj
         Release\Intro.obj
         Release\Level.obj
         Release\Life.obj
         Release\Movement.obj
         Release\Particle.obj
         Release\PlayerSpaceShip.obj
         Release\Score.obj
         Release\Shot.obj
         Release\ShotExplosion.obj
         Release\ShotParticle.obj
         Release\Stars.obj
         Generating code
         Finished generating code
         Asteroids.vcxproj -> C:\Users\James\documents\visual studio 2010\Projects\Asteroids\Release\Asteroids.exe
       Manifest:
         C:\Program Files\Microsoft SDKs\Windows\v7.0A\bin\mt.exe /nologo /verbose /outputresource:"C:\Users\James\documents\visual studio 2010\Projects\Asteroids\Release\Asteroids.exe;#1" /manifest Release\Asteroids.exe.intermediate.manifest
       FinalizeBuildStatus:
         Deleting file "Release\Asteroids.unsuccessfulbuild".
         Touching "Release\Asteroids.lastbuildstate".
     1>Done Building Project "C:\Users\James\documents\visual studio 2010\Projects\Asteroids\Asteroids\Asteroids.vcxproj" (rebuild target(s)).

Build succeeded.

Time Elapsed 00:00:16.33
