C:\USERS\JAMES\DOCUMENTS\VISUAL STUDIO 2010\PROJECTS\ASTEROIDS\ASTEROIDS\RELEASE\ALIENSPACESHIP.OBJ
C:\USERS\JAMES\DOCUMENTS\VISUAL STUDIO 2010\PROJECTS\ASTEROIDS\ASTEROIDS\RELEASE\ASTEROID.OBJ
C:\USERS\JAMES\DOCUMENTS\VISUAL STUDIO 2010\PROJECTS\ASTEROIDS\ASTEROIDS\RELEASE\ASTEROIDS.EXE.INTERMEDIATE.MANIFEST
C:\USERS\JAMES\DOCUMENTS\VISUAL STUDIO 2010\PROJECTS\ASTEROIDS\ASTEROIDS\RELEASE\ASTEROIDS.OBJ
C:\Users\James\documents\visual studio 2010\Projects\Asteroids\Asteroids\Release\Asteroids.vcxprojResolveAssemblyReference.cache
C:\Users\James\documents\visual studio 2010\Projects\Asteroids\Asteroids\Release\Asteroids.write.1.tlog
C:\Users\James\documents\visual studio 2010\Projects\Asteroids\Asteroids\Release\cl.command.1.tlog
C:\Users\James\documents\visual studio 2010\Projects\Asteroids\Asteroids\Release\CL.read.1.tlog
C:\Users\James\documents\visual studio 2010\Projects\Asteroids\Asteroids\Release\CL.write.1.tlog
C:\USERS\JAMES\DOCUMENTS\VISUAL STUDIO 2010\PROJECTS\ASTEROIDS\ASTEROIDS\RELEASE\COLLISIONS.OBJ
C:\USERS\JAMES\DOCUMENTS\VISUAL STUDIO 2010\PROJECTS\ASTEROIDS\ASTEROIDS\RELEASE\EXPLOSION.OBJ
C:\USERS\JAMES\DOCUMENTS\VISUAL STUDIO 2010\PROJECTS\ASTEROIDS\ASTEROIDS\RELEASE\INTRO.OBJ
C:\USERS\JAMES\DOCUMENTS\VISUAL STUDIO 2010\PROJECTS\ASTEROIDS\ASTEROIDS\RELEASE\LEVEL.OBJ
C:\USERS\JAMES\DOCUMENTS\VISUAL STUDIO 2010\PROJECTS\ASTEROIDS\ASTEROIDS\RELEASE\LIFE.OBJ
C:\Users\James\documents\visual studio 2010\Projects\Asteroids\Asteroids\Release\link.command.1.tlog
C:\Users\James\documents\visual studio 2010\Projects\Asteroids\Asteroids\Release\link.read.1.tlog
C:\Users\James\documents\visual studio 2010\Projects\Asteroids\Asteroids\Release\link.write.1.tlog
C:\USERS\JAMES\DOCUMENTS\VISUAL STUDIO 2010\PROJECTS\ASTEROIDS\ASTEROIDS\RELEASE\MOVEMENT.OBJ
C:\Users\James\documents\visual studio 2010\Projects\Asteroids\Asteroids\Release\mt.command.1.tlog
C:\Users\James\documents\visual studio 2010\Projects\Asteroids\Asteroids\Release\mt.read.1.tlog
C:\Users\James\documents\visual studio 2010\Projects\Asteroids\Asteroids\Release\mt.write.1.tlog
C:\USERS\JAMES\DOCUMENTS\VISUAL STUDIO 2010\PROJECTS\ASTEROIDS\ASTEROIDS\RELEASE\PARTICLE.OBJ
C:\USERS\JAMES\DOCUMENTS\VISUAL STUDIO 2010\PROJECTS\ASTEROIDS\ASTEROIDS\RELEASE\PLAYERSPACESHIP.OBJ
C:\USERS\JAMES\DOCUMENTS\VISUAL STUDIO 2010\PROJECTS\ASTEROIDS\ASTEROIDS\RELEASE\SCORE.OBJ
C:\USERS\JAMES\DOCUMENTS\VISUAL STUDIO 2010\PROJECTS\ASTEROIDS\ASTEROIDS\RELEASE\SHOT.OBJ
C:\USERS\JAMES\DOCUMENTS\VISUAL STUDIO 2010\PROJECTS\ASTEROIDS\ASTEROIDS\RELEASE\SHOTEXPLOSION.OBJ
C:\USERS\JAMES\DOCUMENTS\VISUAL STUDIO 2010\PROJECTS\ASTEROIDS\ASTEROIDS\RELEASE\SHOTPARTICLE.OBJ
C:\USERS\JAMES\DOCUMENTS\VISUAL STUDIO 2010\PROJECTS\ASTEROIDS\ASTEROIDS\RELEASE\VC100.PDB
C:\USERS\JAMES\DOCUMENTS\VISUAL STUDIO 2010\PROJECTS\ASTEROIDS\RELEASE\ASTEROIDS.EXE
C:\USERS\JAMES\DOCUMENTS\VISUAL STUDIO 2010\PROJECTS\ASTEROIDS\RELEASE\ASTEROIDS.PDB
