C:\USERS\JAMES\DOCUMENTS\VISUAL STUDIO 2010\PROJECTS\ASTEROIDS\ASTEROIDS\DEBUG\ALIENSPACESHIP.OBJ
C:\USERS\JAMES\DOCUMENTS\VISUAL STUDIO 2010\PROJECTS\ASTEROIDS\ASTEROIDS\DEBUG\ASTEROID.OBJ
C:\USERS\JAMES\DOCUMENTS\VISUAL STUDIO 2010\PROJECTS\ASTEROIDS\ASTEROIDS\DEBUG\ASTEROIDS.EXE.EMBED.MANIFEST
C:\USERS\JAMES\DOCUMENTS\VISUAL STUDIO 2010\PROJECTS\ASTEROIDS\ASTEROIDS\DEBUG\ASTEROIDS.EXE.EMBED.MANIFEST.RES
C:\Users\James\documents\visual studio 2010\Projects\Asteroids\Asteroids\Debug\Asteroids.exe.intermediate.manifest
C:\USERS\JAMES\DOCUMENTS\VISUAL STUDIO 2010\PROJECTS\ASTEROIDS\ASTEROIDS\DEBUG\ASTEROIDS.OBJ
C:\Users\James\documents\visual studio 2010\Projects\Asteroids\Asteroids\Debug\Asteroids.vcxprojResolveAssemblyReference.cache
C:\Users\James\documents\visual studio 2010\Projects\Asteroids\Asteroids\Debug\Asteroids.write.1.tlog
C:\Users\James\documents\visual studio 2010\Projects\Asteroids\Asteroids\Debug\Asteroids_manifest.rc
C:\USERS\JAMES\DOCUMENTS\VISUAL STUDIO 2010\PROJECTS\ASTEROIDS\ASTEROIDS\DEBUG\BACKGROUND.OBJ
C:\Users\James\documents\visual studio 2010\Projects\Asteroids\Asteroids\Debug\cl.command.1.tlog
C:\Users\James\documents\visual studio 2010\Projects\Asteroids\Asteroids\Debug\CL.read.1.tlog
C:\Users\James\documents\visual studio 2010\Projects\Asteroids\Asteroids\Debug\CL.write.1.tlog
C:\USERS\JAMES\DOCUMENTS\VISUAL STUDIO 2010\PROJECTS\ASTEROIDS\ASTEROIDS\DEBUG\COLLISIONS.OBJ
C:\USERS\JAMES\DOCUMENTS\VISUAL STUDIO 2010\PROJECTS\ASTEROIDS\ASTEROIDS\DEBUG\EXPLOSION.OBJ
C:\USERS\JAMES\DOCUMENTS\VISUAL STUDIO 2010\PROJECTS\ASTEROIDS\ASTEROIDS\DEBUG\INTRO.OBJ
C:\USERS\JAMES\DOCUMENTS\VISUAL STUDIO 2010\PROJECTS\ASTEROIDS\ASTEROIDS\DEBUG\LEVEL.OBJ
C:\USERS\JAMES\DOCUMENTS\VISUAL STUDIO 2010\PROJECTS\ASTEROIDS\ASTEROIDS\DEBUG\LIFE.OBJ
C:\Users\James\documents\visual studio 2010\Projects\Asteroids\Asteroids\Debug\link.3956.read.1.tlog
C:\Users\James\documents\visual studio 2010\Projects\Asteroids\Asteroids\Debug\link.3956.write.1.tlog
C:\Users\James\documents\visual studio 2010\Projects\Asteroids\Asteroids\Debug\link.3956-cvtres.read.1.tlog
C:\Users\James\documents\visual studio 2010\Projects\Asteroids\Asteroids\Debug\link.3956-cvtres.write.1.tlog
C:\Users\James\documents\visual studio 2010\Projects\Asteroids\Asteroids\Debug\link.5028.read.1.tlog
C:\Users\James\documents\visual studio 2010\Projects\Asteroids\Asteroids\Debug\link.5028.write.1.tlog
C:\Users\James\documents\visual studio 2010\Projects\Asteroids\Asteroids\Debug\link.5028-cvtres.read.1.tlog
C:\Users\James\documents\visual studio 2010\Projects\Asteroids\Asteroids\Debug\link.5028-cvtres.write.1.tlog
C:\Users\James\documents\visual studio 2010\Projects\Asteroids\Asteroids\Debug\link.command.1.tlog
C:\Users\James\documents\visual studio 2010\Projects\Asteroids\Asteroids\Debug\link.read.1.tlog
C:\Users\James\documents\visual studio 2010\Projects\Asteroids\Asteroids\Debug\link.write.1.tlog
C:\Users\James\documents\visual studio 2010\Projects\Asteroids\Asteroids\Debug\link-cvtres.read.1.tlog
C:\Users\James\documents\visual studio 2010\Projects\Asteroids\Asteroids\Debug\link-cvtres.write.1.tlog
C:\USERS\JAMES\DOCUMENTS\VISUAL STUDIO 2010\PROJECTS\ASTEROIDS\ASTEROIDS\DEBUG\MOVEMENT.OBJ
C:\Users\James\documents\visual studio 2010\Projects\Asteroids\Asteroids\Debug\mt.command.1.tlog
C:\Users\James\documents\visual studio 2010\Projects\Asteroids\Asteroids\Debug\mt.read.1.tlog
C:\Users\James\documents\visual studio 2010\Projects\Asteroids\Asteroids\Debug\mt.write.1.tlog
C:\USERS\JAMES\DOCUMENTS\VISUAL STUDIO 2010\PROJECTS\ASTEROIDS\ASTEROIDS\DEBUG\PARTICLE.OBJ
C:\USERS\JAMES\DOCUMENTS\VISUAL STUDIO 2010\PROJECTS\ASTEROIDS\ASTEROIDS\DEBUG\PLAYERSPACESHIP.OBJ
C:\Users\James\documents\visual studio 2010\Projects\Asteroids\Asteroids\Debug\rc.command.1.tlog
C:\Users\James\documents\visual studio 2010\Projects\Asteroids\Asteroids\Debug\rc.read.1.tlog
C:\Users\James\documents\visual studio 2010\Projects\Asteroids\Asteroids\Debug\rc.write.1.tlog
C:\USERS\JAMES\DOCUMENTS\VISUAL STUDIO 2010\PROJECTS\ASTEROIDS\ASTEROIDS\DEBUG\SCORE.OBJ
C:\USERS\JAMES\DOCUMENTS\VISUAL STUDIO 2010\PROJECTS\ASTEROIDS\ASTEROIDS\DEBUG\SHOT.OBJ
C:\USERS\JAMES\DOCUMENTS\VISUAL STUDIO 2010\PROJECTS\ASTEROIDS\ASTEROIDS\DEBUG\SHOTEXPLOSION.OBJ
C:\USERS\JAMES\DOCUMENTS\VISUAL STUDIO 2010\PROJECTS\ASTEROIDS\ASTEROIDS\DEBUG\SHOTPARTICLE.OBJ
C:\USERS\JAMES\DOCUMENTS\VISUAL STUDIO 2010\PROJECTS\ASTEROIDS\ASTEROIDS\DEBUG\STARS.OBJ
C:\Users\James\documents\visual studio 2010\Projects\Asteroids\Asteroids\Debug\vc100.idb
C:\USERS\JAMES\DOCUMENTS\VISUAL STUDIO 2010\PROJECTS\ASTEROIDS\ASTEROIDS\DEBUG\VC100.PDB
C:\Users\James\documents\visual studio 2010\Projects\Asteroids\Debug\Asteroids.pdb
